22 April 2024 at 12:00:13 pm : INFO : Server starting .......
22 April 2024 at 12:00:13 pm : INFO : Connecting to mongoDB database .....
22 April 2024 at 12:00:13 pm : INFO : Server has started and running on port 8001
22 April 2024 at 12:00:14 pm : INFO : DB connected successfully!
22 April 2024 at 12:10:20 pm : INFO : Server starting .......
22 April 2024 at 12:10:20 pm : INFO : Connecting to mongoDB database .....
22 April 2024 at 12:10:20 pm : INFO : Server has started and running on port 8001
22 April 2024 at 12:10:21 pm : INFO : DB connected successfully!
22 April 2024 at 12:13:26 pm : INFO : Server starting .......
22 April 2024 at 12:13:26 pm : INFO : Connecting to mongoDB database .....
22 April 2024 at 12:13:26 pm : INFO : Server has started and running on port 8001
22 April 2024 at 12:13:27 pm : INFO : DB connected successfully!
22 April 2024 at 12:15:59 pm : INFO : Server starting .......
22 April 2024 at 12:15:59 pm : INFO : Connecting to mongoDB database .....
22 April 2024 at 12:15:59 pm : INFO : Server has started and running on port 8001
22 April 2024 at 12:15:59 pm : INFO : DB connected successfully!
22 April 2024 at 12:26:42 pm : INFO : Server starting .......
22 April 2024 at 12:26:42 pm : INFO : Connecting to mongoDB database .....
22 April 2024 at 12:26:42 pm : INFO : Server has started and running on port 8001
22 April 2024 at 12:26:42 pm : INFO : DB connected successfully!
22 April 2024 at 12:29:57 pm : INFO : Server starting .......
22 April 2024 at 12:29:57 pm : INFO : Connecting to mongoDB database .....
22 April 2024 at 12:29:57 pm : INFO : Server has started and running on port 8001
22 April 2024 at 12:29:58 pm : INFO : DB connected successfully!
22 April 2024 at 12:35:14 pm : INFO : Server starting .......
22 April 2024 at 12:35:14 pm : INFO : Connecting to mongoDB database .....
22 April 2024 at 12:35:14 pm : INFO : Server has started and running on port 8001
22 April 2024 at 12:35:15 pm : INFO : DB connected successfully!
22 April 2024 at 12:38:42 pm : INFO : Server starting .......
22 April 2024 at 12:38:42 pm : INFO : Connecting to mongoDB database .....
22 April 2024 at 12:38:42 pm : INFO : Server has started and running on port 8001
22 April 2024 at 12:38:43 pm : INFO : DB connected successfully!
22 April 2024 at 12:39:38 pm : INFO : Server starting .......
22 April 2024 at 12:39:38 pm : INFO : Connecting to mongoDB database .....
22 April 2024 at 12:39:38 pm : INFO : Server has started and running on port 8001
22 April 2024 at 12:39:39 pm : INFO : DB connected successfully!
22 April 2024 at 12:48:12 pm : INFO : Server starting .......
22 April 2024 at 12:48:12 pm : INFO : Connecting to mongoDB database .....
22 April 2024 at 12:48:12 pm : INFO : Server has started and running on port 8001
22 April 2024 at 12:48:12 pm : INFO : DB connected successfully!
22 April 2024 at 12:48:29 pm : INFO : Connecting to mongoDB database .....
22 April 2024 at 12:48:29 pm : INFO : Server has started and running on port 8001
22 April 2024 at 12:48:29 pm : INFO : DB connected successfully!
22 April 2024 at 12:48:36 pm : INFO : Server has started and running on port 8001
22 April 2024 at 12:48:36 pm : INFO : DB connected successfully!
22 April 2024 at 12:49:44 pm : INFO : Server has started and running on port 8001
22 April 2024 at 12:49:44 pm : INFO : DB connected successfully!
22 April 2024 at 12:52:11 pm : INFO : Server has started and running on port 8001
22 April 2024 at 12:52:11 pm : INFO : DB connected successfully!
22 April 2024 at 12:53:53 pm : INFO : Server has started and running on port 8001
22 April 2024 at 12:53:54 pm : INFO : DB connected successfully!
22 April 2024 at 12:56:32 pm : INFO : Server has started and running on port 8001
22 April 2024 at 12:56:33 pm : INFO : DB connected successfully!
22 April 2024 at 12:57:12 pm : INFO : Server has started and running on port 8001
22 April 2024 at 12:57:13 pm : INFO : DB connected successfully!
22 April 2024 at 12:59:44 pm : INFO : REQ : Create a workspace with the given data [object Object]
22 April 2024 at 12:59:44 pm : INFO : RESP : Workspace created => {
  name: 'sahil workspace',
  description: 'my personal backend repo',
  owner: new ObjectId('65f72cd38cfe34c5f0c2648b'),
  _id: new ObjectId('662611e8c0b76ae01ed80beb'),
  __v: 0
}
22 April 2024 at 01:18:51 pm : INFO : Server has started and running on port 8001
22 April 2024 at 01:18:51 pm : INFO : DB connected successfully!
22 April 2024 at 01:19:41 pm : INFO : Server has started and running on port 8001
22 April 2024 at 01:19:42 pm : INFO : DB connected successfully!
22 April 2024 at 01:21:48 pm : INFO : Server has started and running on port 8001
22 April 2024 at 01:21:48 pm : INFO : DB connected successfully!
22 April 2024 at 01:24:08 pm : INFO : Server has started and running on port 8001
22 April 2024 at 01:24:09 pm : INFO : DB connected successfully!
22 April 2024 at 01:24:53 pm : INFO : Server has started and running on port 8001
22 April 2024 at 01:24:53 pm : INFO : DB connected successfully!
22 April 2024 at 01:25:17 pm : INFO : REQ : Create a workspace with the given data [object Object]
22 April 2024 at 01:25:17 pm : INFO : RESP : Workspace created => ValidationError: w_description: Path `w_description` is required., w_name: Path `w_name` is required.
22 April 2024 at 01:26:05 pm : INFO : Server has started and running on port 8001
22 April 2024 at 01:26:06 pm : INFO : DB connected successfully!
22 April 2024 at 01:26:25 pm : INFO : REQ : Create a workspace with the given data [object Object]
22 April 2024 at 01:26:25 pm : INFO : RESP : Workspace created => {
  name: 'sahil workspace',
  description: 'my personal backend repo',
  owner: new ObjectId('65f72cd38cfe34c5f0c2648b'),
  _id: new ObjectId('66261829f8826b975e91f81d'),
  categories: [],
  __v: 0
}
22 April 2024 at 01:29:24 pm : INFO : Server has started and running on port 8001
22 April 2024 at 01:29:28 pm : INFO : Server has started and running on port 8001
22 April 2024 at 01:29:28 pm : INFO : DB connected successfully!
22 April 2024 at 01:31:13 pm : INFO : Server has started and running on port 8001
22 April 2024 at 01:31:14 pm : INFO : DB connected successfully!
22 April 2024 at 01:40:08 pm : INFO : Server has started and running on port 8001
22 April 2024 at 01:40:09 pm : INFO : DB connected successfully!
22 April 2024 at 01:42:52 pm : INFO : Server has started and running on port 8001
22 April 2024 at 01:42:52 pm : INFO : DB connected successfully!
22 April 2024 at 01:45:06 pm : INFO : Server has started and running on port 8001
22 April 2024 at 01:45:06 pm : INFO : DB connected successfully!
22 April 2024 at 01:45:27 pm : INFO : Server has started and running on port 8001
22 April 2024 at 01:45:28 pm : INFO : DB connected successfully!
22 April 2024 at 01:46:10 pm : INFO : REQ : Fetch all workspaces for a particular user => 65f72cd38cfe34c5f0c2648b
22 April 2024 at 01:46:10 pm : INFO : RESP : Workspaces fetched => 
22 April 2024 at 01:46:50 pm : INFO : Server has started and running on port 8001
22 April 2024 at 01:46:50 pm : INFO : DB connected successfully!
22 April 2024 at 01:48:46 pm : INFO : Server has started and running on port 8001
22 April 2024 at 01:48:46 pm : INFO : DB connected successfully!
22 April 2024 at 01:48:57 pm : INFO : Fetch all workspaces ........
22 April 2024 at 01:48:57 pm : INFO : REQ : Fetch all workspaces for a particular user => 65f72cd38cfe34c5f0c2648b
22 April 2024 at 01:48:57 pm : INFO : RESP : Workspaces fetched => 
22 April 2024 at 01:49:37 pm : INFO : Server has started and running on port 8001
22 April 2024 at 01:49:38 pm : INFO : DB connected successfully!
22 April 2024 at 01:49:39 pm : INFO : Fetch all workspaces ........
22 April 2024 at 01:49:39 pm : INFO : REQ : Fetch all workspaces for a particular user => 65f72cd38cfe34c5f0c2648b
22 April 2024 at 01:49:39 pm : INFO : RESP : Workspaces fetched => {
  _id: new ObjectId('662611e8c0b76ae01ed80beb'),
  name: 'sahil workspace',
  description: 'my personal backend repo',
  owner: new ObjectId('65f72cd38cfe34c5f0c2648b'),
  __v: 0,
  categories: []
},{
  _id: new ObjectId('66261829f8826b975e91f81d'),
  name: 'sahil workspace',
  description: 'my personal backend repo',
  owner: new ObjectId('65f72cd38cfe34c5f0c2648b'),
  categories: [],
  __v: 0
}
22 April 2024 at 01:50:09 pm : INFO : Server has started and running on port 8001
22 April 2024 at 01:50:09 pm : INFO : DB connected successfully!
22 April 2024 at 01:50:11 pm : INFO : Fetch all workspaces ........
22 April 2024 at 01:50:11 pm : INFO : REQ : Fetch all workspaces for a particular user => 65f72cd38cfe34c5f0c2648b
22 April 2024 at 01:50:11 pm : INFO : RESP : Workspaces fetched => {
  _id: new ObjectId('662611e8c0b76ae01ed80beb'),
  name: 'sahil workspace',
  description: 'my personal backend repo',
  owner: new ObjectId('65f72cd38cfe34c5f0c2648b'),
  __v: 0,
  categories: []
},{
  _id: new ObjectId('66261829f8826b975e91f81d'),
  name: 'sahil workspace',
  description: 'my personal backend repo',
  owner: new ObjectId('65f72cd38cfe34c5f0c2648b'),
  categories: [],
  __v: 0
}
22 April 2024 at 01:50:20 pm : INFO : Fetch all workspaces ........
22 April 2024 at 01:50:20 pm : ERROR : Error in fetching workspaces => BSONError: input must be a 24 character hex string, 12 byte Uint8Array, or an integer
22 April 2024 at 01:51:53 pm : INFO : Fetch all workspaces ........
22 April 2024 at 01:51:53 pm : INFO : REQ : Fetch all workspaces for a particular user => 65f72cd38cfe34c5f0c2648b
22 April 2024 at 01:51:53 pm : INFO : RESP : Workspaces fetched => {
  _id: new ObjectId('662611e8c0b76ae01ed80beb'),
  name: 'sahil workspace',
  description: 'my personal backend repo',
  owner: new ObjectId('65f72cd38cfe34c5f0c2648b'),
  __v: 0,
  categories: []
},{
  _id: new ObjectId('66261829f8826b975e91f81d'),
  name: 'sahil workspace',
  description: 'my personal backend repo',
  owner: new ObjectId('65f72cd38cfe34c5f0c2648b'),
  categories: [],
  __v: 0
}
